生成启动时间为 2016/11/1 22:09:37。
     1>项目“F:\ceshi\Classes\OMG\OMG\OMG.vcxproj”在节点 2 上(Build 个目标)。
     1>ClCompile:
         D:\v13\v\VC\bin\CL.exe /c /ZI /nologo /W3 /WX- /sdl /Od /Oy- /D WIN32 /D _DEBUG /D _WINDOWS /D _USRDLL /D OMG_EXPORTS /D _WINDLL /D _UNICODE /D UNICODE /Gm /EHsc /RTC1 /MDd /GS /fp:precise /Zc:wchar_t /Zc:forScope /Yu"stdafx.h" /Fp"Debug\OMG.pch" /Fo"Debug\\" /Fd"Debug\vc120.pdb" /Gd /TP /analyze- /errorReport:prompt OMG.cpp OtherPlayer.cpp
         OtherPlayer.cpp
         正在生成代码...
         正在编译...
         OMG.cpp
         正在生成代码...
       Link:
         D:\v13\v\VC\bin\link.exe /ERRORREPORT:PROMPT /OUT:"F:\ceshi\Classes\OMG\Debug\OMG.dll" /INCREMENTAL /NOLOGO kernel32.lib user32.lib gdi32.lib winspool.lib comdlg32.lib advapi32.lib shell32.lib ole32.lib oleaut32.lib uuid.lib odbc32.lib odbccp32.lib /MANIFEST /MANIFESTUAC:"level='asInvoker' uiAccess='false'" /manifest:embed /DEBUG /PDB:"F:\ceshi\Classes\OMG\Debug\OMG.pdb" /SUBSYSTEM:WINDOWS /TLBID:1 /DYNAMICBASE /NXCOMPAT /IMPLIB:"F:\ceshi\Classes\OMG\Debug\OMG.lib" /MACHINE:X86 /DLL Debug\dllmain.obj
         Debug\OMG.obj
         Debug\OtherPlayer.obj
         Debug\SoursePlayer.obj
         Debug\stdafx.obj
            正在创建库 F:\ceshi\Classes\OMG\Debug\OMG.lib 和对象 F:\ceshi\Classes\OMG\Debug\OMG.exp
         OMG.vcxproj -> F:\ceshi\Classes\OMG\Debug\OMG.dll
     1>已完成生成项目“F:\ceshi\Classes\OMG\OMG\OMG.vcxproj”(Build 个目标)的操作。

生成成功。

已用时间 00:00:00.80
